<?xml version="1.0" encoding="UTF-8"?>
<testsuites>
  <testsuite name="fastlane.lanes">
    
    
    
      
      <testcase classname="fastlane.lanes" name="0: default_platform" time="0.000418">
        
      </testcase>
    
      
      <testcase classname="fastlane.lanes" name="1: Switch to android increment_version lane" time="0.000183">
        
      </testcase>
    
      
      <testcase classname="fastlane.lanes" name="2: increment_version_code" time="0.001803">
        
      </testcase>
    
      
      <testcase classname="fastlane.lanes" name="3: increment_version_name" time="0.001453">
        
      </testcase>
    
      
      <testcase classname="fastlane.lanes" name="4: clean assemblerelease" time="14.542774">
        
          <failure message="/Users/DMUHIA/.rbenv/versions/3.1.2/lib/ruby/gems/3.1.0/gems/fastlane-2.226.0/fastlane/lib/fastlane/actions/actions_helper.rb:67:in `execute_action&apos;&#10;/Users/DMUHIA/.rbenv/versions/3.1.2/lib/ruby/gems/3.1.0/gems/fastlane-2.226.0/fastlane/lib/fastlane/runner.rb:255:in `block in execute_action&apos;&#10;/Users/DMUHIA/.rbenv/versions/3.1.2/lib/ruby/gems/3.1.0/gems/fastlane-2.226.0/fastlane/lib/fastlane/runner.rb:229:in `chdir&apos;&#10;/Users/DMUHIA/.rbenv/versions/3.1.2/lib/ruby/gems/3.1.0/gems/fastlane-2.226.0/fastlane/lib/fastlane/runner.rb:229:in `execute_action&apos;&#10;/Users/DMUHIA/.rbenv/versions/3.1.2/lib/ruby/gems/3.1.0/gems/fastlane-2.226.0/fastlane/lib/fastlane/runner.rb:157:in `trigger_action_by_name&apos;&#10;/Users/DMUHIA/.rbenv/versions/3.1.2/lib/ruby/gems/3.1.0/gems/fastlane-2.226.0/fastlane/lib/fastlane/fast_file.rb:159:in `method_missing&apos;&#10;Fastfile:60:in `block (2 levels) in parsing_binding&apos;&#10;/Users/DMUHIA/.rbenv/versions/3.1.2/lib/ruby/gems/3.1.0/gems/fastlane-2.226.0/fastlane/lib/fastlane/lane.rb:41:in `call&apos;&#10;/Users/DMUHIA/.rbenv/versions/3.1.2/lib/ruby/gems/3.1.0/gems/fastlane-2.226.0/fastlane/lib/fastlane/runner.rb:49:in `block in execute&apos;&#10;/Users/DMUHIA/.rbenv/versions/3.1.2/lib/ruby/gems/3.1.0/gems/fastlane-2.226.0/fastlane/lib/fastlane/runner.rb:45:in `chdir&apos;&#10;/Users/DMUHIA/.rbenv/versions/3.1.2/lib/ruby/gems/3.1.0/gems/fastlane-2.226.0/fastlane/lib/fastlane/runner.rb:45:in `execute&apos;&#10;/Users/DMUHIA/.rbenv/versions/3.1.2/lib/ruby/gems/3.1.0/gems/fastlane-2.226.0/fastlane/lib/fastlane/lane_manager.rb:46:in `cruise_lane&apos;&#10;/Users/DMUHIA/.rbenv/versions/3.1.2/lib/ruby/gems/3.1.0/gems/fastlane-2.226.0/fastlane/lib/fastlane/command_line_handler.rb:34:in `handle&apos;&#10;/Users/DMUHIA/.rbenv/versions/3.1.2/lib/ruby/gems/3.1.0/gems/fastlane-2.226.0/fastlane/lib/fastlane/commands_generator.rb:110:in `block (2 levels) in run&apos;&#10;/Users/DMUHIA/.rbenv/versions/3.1.2/lib/ruby/gems/3.1.0/gems/commander-4.6.0/lib/commander/command.rb:187:in `call&apos;&#10;/Users/DMUHIA/.rbenv/versions/3.1.2/lib/ruby/gems/3.1.0/gems/commander-4.6.0/lib/commander/command.rb:157:in `run&apos;&#10;/Users/DMUHIA/.rbenv/versions/3.1.2/lib/ruby/gems/3.1.0/gems/commander-4.6.0/lib/commander/runner.rb:444:in `run_active_command&apos;&#10;/Users/DMUHIA/.rbenv/versions/3.1.2/lib/ruby/gems/3.1.0/gems/fastlane-2.226.0/fastlane_core/lib/fastlane_core/ui/fastlane_runner.rb:124:in `run!&apos;&#10;/Users/DMUHIA/.rbenv/versions/3.1.2/lib/ruby/gems/3.1.0/gems/commander-4.6.0/lib/commander/delegates.rb:18:in `run!&apos;&#10;/Users/DMUHIA/.rbenv/versions/3.1.2/lib/ruby/gems/3.1.0/gems/fastlane-2.226.0/fastlane/lib/fastlane/commands_generator.rb:363:in `run&apos;&#10;/Users/DMUHIA/.rbenv/versions/3.1.2/lib/ruby/gems/3.1.0/gems/fastlane-2.226.0/fastlane/lib/fastlane/commands_generator.rb:43:in `start&apos;&#10;/Users/DMUHIA/.rbenv/versions/3.1.2/lib/ruby/gems/3.1.0/gems/fastlane-2.226.0/fastlane/lib/fastlane/cli_tools_distributor.rb:123:in `take_off&apos;&#10;/Users/DMUHIA/.rbenv/versions/3.1.2/lib/ruby/gems/3.1.0/gems/fastlane-2.226.0/bin/fastlane:23:in `&lt;top (required)&gt;&apos;&#10;/Users/DMUHIA/.rbenv/versions/3.1.2/bin/fastlane:25:in `load&apos;&#10;/Users/DMUHIA/.rbenv/versions/3.1.2/bin/fastlane:25:in `&lt;top (required)&gt;&apos;&#10;/Users/DMUHIA/.rbenv/versions/3.1.2/lib/ruby/gems/3.1.0/gems/bundler-2.6.2/lib/bundler/cli/exec.rb:59:in `load&apos;&#10;/Users/DMUHIA/.rbenv/versions/3.1.2/lib/ruby/gems/3.1.0/gems/bundler-2.6.2/lib/bundler/cli/exec.rb:59:in `kernel_load&apos;&#10;/Users/DMUHIA/.rbenv/versions/3.1.2/lib/ruby/gems/3.1.0/gems/bundler-2.6.2/lib/bundler/cli/exec.rb:23:in `run&apos;&#10;/Users/DMUHIA/.rbenv/versions/3.1.2/lib/ruby/gems/3.1.0/gems/bundler-2.6.2/lib/bundler/cli.rb:452:in `exec&apos;&#10;/Users/DMUHIA/.rbenv/versions/3.1.2/lib/ruby/gems/3.1.0/gems/bundler-2.6.2/lib/bundler/vendor/thor/lib/thor/command.rb:28:in `run&apos;&#10;/Users/DMUHIA/.rbenv/versions/3.1.2/lib/ruby/gems/3.1.0/gems/bundler-2.6.2/lib/bundler/vendor/thor/lib/thor/invocation.rb:127:in `invoke_command&apos;&#10;/Users/DMUHIA/.rbenv/versions/3.1.2/lib/ruby/gems/3.1.0/gems/bundler-2.6.2/lib/bundler/vendor/thor/lib/thor.rb:538:in `dispatch&apos;&#10;/Users/DMUHIA/.rbenv/versions/3.1.2/lib/ruby/gems/3.1.0/gems/bundler-2.6.2/lib/bundler/cli.rb:35:in `dispatch&apos;&#10;/Users/DMUHIA/.rbenv/versions/3.1.2/lib/ruby/gems/3.1.0/gems/bundler-2.6.2/lib/bundler/vendor/thor/lib/thor/base.rb:584:in `start&apos;&#10;/Users/DMUHIA/.rbenv/versions/3.1.2/lib/ruby/gems/3.1.0/gems/bundler-2.6.2/lib/bundler/cli.rb:29:in `start&apos;&#10;/Users/DMUHIA/.rbenv/versions/3.1.2/lib/ruby/gems/3.1.0/gems/bundler-2.6.2/exe/bundle:28:in `block in &lt;top (required)&gt;&apos;&#10;/Users/DMUHIA/.rbenv/versions/3.1.2/lib/ruby/gems/3.1.0/gems/bundler-2.6.2/lib/bundler/friendly_errors.rb:117:in `with_friendly_errors&apos;&#10;/Users/DMUHIA/.rbenv/versions/3.1.2/lib/ruby/gems/3.1.0/gems/bundler-2.6.2/exe/bundle:20:in `&lt;top (required)&gt;&apos;&#10;/Users/DMUHIA/.rbenv/versions/3.1.2/bin/bundle:25:in `load&apos;&#10;/Users/DMUHIA/.rbenv/versions/3.1.2/bin/bundle:25:in `&lt;main&gt;&apos;&#10;&#10;Exit status of command &apos;/Users/DMUHIA/AndroidStudioProjects/ComposeFastlane/gradlew clean assemblerelease -p .&apos; was 1 instead of 0.&#10;&gt; Task :app:clean&#10;&gt; Task :app:buildKotlinToolingMetadata&#10;&gt; Task :app:checkKotlinGradlePluginConfigurationErrors SKIPPED&#10;&gt; Task :app:preBuild UP-TO-DATE&#10;&gt; Task :app:preDevReleaseBuild UP-TO-DATE&#10;&gt; Task :app:generateDevReleaseBuildConfig&#10;&gt; Task :app:generateDevReleaseResValues&#10;&gt; Task :app:mapDevReleaseSourceSetPaths&#10;&gt; Task :app:checkDevReleaseAarMetadata&#10;&gt; Task :app:generateDevReleaseResources&#10;&gt; Task :app:packageDevReleaseResources&#10;&gt; Task :app:createDevReleaseCompatibleScreenManifests&#10;&gt; Task :app:extractDeepLinksDevRelease&#10;&gt; Task :app:parseDevReleaseLocalResources&#10;&gt; Task :app:mergeDevReleaseResources&#10;&gt; Task :app:processDevReleaseMainManifest&#10;&gt; Task :app:processDevReleaseManifest&#10;&gt; Task :app:javaPreCompileDevRelease&#10;&gt; Task :app:extractProguardFiles&#10;&gt; Task :app:mergeDevReleaseJniLibFolders&#10;&gt; Task :app:mergeDevReleaseNativeLibs NO-SOURCE&#10;&gt; Task :app:stripDevReleaseDebugSymbols NO-SOURCE&#10;&gt; Task :app:extractDevReleaseNativeSymbolTables NO-SOURCE&#10;&gt; Task :app:mergeDevReleaseNativeDebugMetadata NO-SOURCE&#10;&gt; Task :app:mergeDevReleaseStartupProfile&#10;&gt; Task :app:mergeDevReleaseShaders&#10;&gt; Task :app:compileDevReleaseShaders NO-SOURCE&#10;&gt; Task :app:generateDevReleaseAssets UP-TO-DATE&#10;&gt; Task :app:checkDevReleaseDuplicateClasses&#10;&gt; Task :app:mergeDevReleaseArtProfile&#10;&gt; Task :app:mergeDevReleaseAssets&#10;&gt; Task :app:compressDevReleaseAssets&#10;&gt; Task :app:extractDevReleaseVersionControlInfo&#10;&gt; Task :app:collectDevReleaseDependencies&#10;&gt; Task :app:sdkDevReleaseDependencyData&#10;&gt; Task :app:validateSigningDevRelease&#10;&gt; Task :app:writeDevReleaseAppMetadata&#10;&gt; Task :app:writeDevReleaseSigningConfigVersions&#10;&gt; Task :app:preProdReleaseBuild UP-TO-DATE&#10;&gt; Task :app:generateProdReleaseBuildConfig&#10;&gt; Task :app:generateProdReleaseResValues&#10;&gt; Task :app:checkProdReleaseAarMetadata&#10;&gt; Task :app:mapProdReleaseSourceSetPaths&#10;&gt; Task :app:generateProdReleaseResources&#10;&gt; Task :app:packageProdReleaseResources&#10;&gt; Task :app:createProdReleaseCompatibleScreenManifests&#10;&gt; Task :app:extractDeepLinksProdRelease&#10;&gt; Task :app:parseProdReleaseLocalResources&#10;&gt; Task :app:mergeProdReleaseResources&#10;&gt; Task :app:processProdReleaseMainManifest&#10;&gt; Task :app:processProdReleaseManifest&#10;&gt; Task :app:javaPreCompileProdRelease&#10;&gt; Task :app:mergeProdReleaseJniLibFolders&#10;&gt; Task :app:mergeProdReleaseNativeLibs NO-SOURCE&#10;&gt; Task :app:stripProdReleaseDebugSymbols NO-SOURCE&#10;&gt; Task :app:extractProdReleaseNativeSymbolTables NO-SOURCE&#10;&gt; Task :app:mergeProdReleaseNativeDebugMetadata NO-SOURCE&#10;&gt; Task :app:mergeProdReleaseStartupProfile UP-TO-DATE&#10;&gt; Task :app:mergeProdReleaseArtProfile&#10;&gt; Task :app:mergeProdReleaseShaders&#10;&gt; Task :app:compileProdReleaseShaders NO-SOURCE&#10;&gt; Task :app:generateProdReleaseAssets UP-TO-DATE&#10;&gt; Task :app:checkProdReleaseDuplicateClasses&#10;&gt; Task :app:mergeProdReleaseAssets&#10;&gt; Task :app:compressProdReleaseAssets&#10;&gt; Task :app:extractProdReleaseVersionControlInfo&#10;&gt; Task :app:collectProdReleaseDependencies&#10;&gt; Task :app:sdkProdReleaseDependencyData&#10;&gt; Task :app:validateSigningProdRelease&#10;&gt; Task :app:writeProdReleaseAppMetadata&#10;&gt; Task :app:processProdReleaseManifestForPackage&#10;&gt; Task :app:writeProdReleaseSigningConfigVersions&#10;&gt; Task :app:processDevReleaseManifestForPackage&#10;&gt; Task :app:processDevReleaseResources&#10;&gt; Task :app:processProdReleaseResources&#10;&gt; Task :app:optimizeDevReleaseResources&#10;&gt; Task :app:optimizeProdReleaseResources&#10;&#10;&gt; Task :app:compileProdReleaseKotlin FAILED&#10;e: file:///Users/DMUHIA/AndroidStudioProjects/ComposeFastlane/app/src/main/java/com/dmuhia/composefastlane/MainActivity.kt:19:35 Unresolved reference &apos;dev&apos;.&#10;&#10;&gt; Task :app:compileDevReleaseKotlin&#10;&#10;FAILURE: Build failed with an exception.&#10;&#10;* What went wrong:&#10;Execution failed for task &apos;:app:compileProdReleaseKotlin&apos;.&#10;&gt; A failure occurred while executing org.jetbrains.kotlin.compilerRunner.GradleCompilerRunnerWithWorkers$GradleKotlinCompilerWorkAction&#10;   &gt; Compilation error. See log for more details&#10;&#10;* Try:&#10;&gt; Run with --stacktrace option to get the stack trace.&#10;&gt; Run with --info or --debug option to get more log output.&#10;&gt; Run with --scan to get full insights.&#10;&gt; Get more help at https://help.gradle.org.&#10;&#10;BUILD FAILED in 14s&#10;63 actionable tasks: 62 executed, 1 up-to-date&#10;" />
        
      </testcase>
    
  </testsuite>
</testsuites>
